10.1139 	WARNING 	User requested fullscreen with size [1024  768], but screen is actually [2560, 1440]. Using actual size
11.8662 	EXP 	Created window1 = Window(allowGUI=True, allowStencil=False, autoLog=True, backendConf=UNKNOWN, backgroundFit=<method-wrapper '__getattribute__' of attributeSetter object at 0x0000016FE92BF070>, backgroundImage=<method-wrapper '__getattribute__' of attributeSetter object at 0x0000016FE92AB670>, bitsMode=UNKNOWN, blendMode='avg', bpc=(8, 8, 8), color=array([0, 0, 0]), colorSpace='rgb', depthBits=8, fullscr=<method-wrapper '__getattribute__' of attributeSetter object at 0x0000016FE92ABEB0>, gamma=None, gammaErrorPolicy='raise', lms=UNKNOWN, monitor=<psychopy.monitors.calibTools.Monitor object at 0x0000016FE9702D00>, multiSample=False, name='window1', numSamples=2, pos=(0, 0), screen=0, size=array([2560, 1440]), stencilBits=0, stereo=False, title='PsychoPy', units='height', useFBO=True, useRetina=False, viewOri=0.0, viewPos=None, viewScale=None, waitBlanking=True, winType='pyglet')
11.8667 	EXP 	window1: mouseVisible = True
11.8667 	EXP 	window1: backgroundImage = ''
11.8667 	EXP 	window1: backgroundFit = 'none'
11.8682 	EXP 	window1: Attempting to measure frame rate of screen (0) ...
11.8682 	EXP 	window1: recordFrameIntervals = False
12.0326 	EXP 	window1: recordFrameIntervals = True
12.2171 	EXP 	Screen (0) actual frame rate measured at 59.75Hz
12.2172 	EXP 	window1: recordFrameIntervals = False
12.2175 	EXP 	window1: mouseVisible = False
16.4596 	EXP 	emotionalMovieTask: status = STARTED
16.4601 	EXP 	window1: mouseVisible = True
16.5198 	EXP 	Created text = TextStim(__class__=<class 'psychopy.visual.text.TextStim'>, alignHoriz=method-wrapper(...), alignText='center', alignVert=method-wrapper(...), anchorHoriz='center', anchorVert='center', antialias=True, autoDraw=False, autoLog=True, bold=False, color=array([1., 1., 1.]), colorSpace='rgb', contrast=1.0, depth=0.0, draggable=False, flipHoriz=False, flipVert=False, font='Open Sans', fontFiles=[], height=0.05, italic=False, languageStyle='LTR', name='text', opacity=1.0, ori=0.0, pos=array([0., 0.]), rgb=UNKNOWN, text='These are instructions', units='height', win=Window(...), wrapWidth=1)
16.5249 	EXP 	window1: mouseVisible = True
16.5717 	EXP 	window1: mouseVisible = True
16.5737 	EXP 	Created polygon = ShapeStim(__class__=<class 'psychopy.visual.shape.ShapeStim'>, anchor=('center', 'center'), autoDraw=False, autoLog=True, closeShape=True, color=method-wrapper(...), colorSpace='rgb', contrast=None, depth=-3.0, draggable=False, fillColor=array([1, 1, 1]), fillColorSpace='rgb', fillRGB=array([1, 1, 1]), interpolate=True, lineColor=array([0., 0., 0.]), lineColorSpace='rgb', lineRGB=array([0, 0, 0]), lineWidth=1.0, name='polygon', opacity=0.5, ori=0.0, pos=array([-1., -1.]), size=array([0.5, 0.5]), units='height', vertices=ndarray(...), win=Window(...), windingRule=None)
0.0072 	EXP 	movie: autoLog = True
0.0122 	EXP 	text: autoDraw = True
2.2431 	EXP 	Imported configFile1.csv as conditions, 4 conditions, 6 params
2.2434 	EXP 	Created sequence: random, trialTypes=4, nReps=1, seed=None
2.2435 	EXP 	New trial (rep=0, index=0): OrderedDict([('fileName', '641.1-Free Couple Holding Hands-ED.mp4'), ('vidLen', 12.539), ('valence', 6.4286), ('arousal', 3.2), ('impact', 3.2821), ('group', 'neut')])
2.6427 	EXP 	window1: mouseVisible = True
