11.3534 	WARNING 	User requested fullscreen with size [1024  768], but screen is actually [2560, 1440]. Using actual size
13.1544 	EXP 	Created window1 = Window(allowGUI=True, allowStencil=False, autoLog=True, backendConf=UNKNOWN, backgroundFit=<method-wrapper '__getattribute__' of attributeSetter object at 0x000001328B480DC0>, backgroundImage=<method-wrapper '__getattribute__' of attributeSetter object at 0x000001328B480D60>, bitsMode=UNKNOWN, blendMode='avg', bpc=(8, 8, 8), color=array([0, 0, 0]), colorSpace='rgb', depthBits=8, fullscr=<method-wrapper '__getattribute__' of attributeSetter object at 0x000001328B480B80>, gamma=None, gammaErrorPolicy='raise', lms=UNKNOWN, monitor=<psychopy.monitors.calibTools.Monitor object at 0x000001328B81AE20>, multiSample=False, name='window1', numSamples=2, pos=(0, 0), screen=0, size=array([2560, 1440]), stencilBits=0, stereo=False, title='PsychoPy', units='height', useFBO=True, useRetina=False, viewOri=0.0, viewPos=None, viewScale=None, waitBlanking=True, winType='pyglet')
13.1545 	EXP 	window1: mouseVisible = True
13.1545 	EXP 	window1: backgroundImage = ''
13.1545 	EXP 	window1: backgroundFit = 'none'
13.1560 	EXP 	window1: Attempting to measure frame rate of screen (0) ...
13.1560 	EXP 	window1: recordFrameIntervals = False
13.3196 	EXP 	window1: recordFrameIntervals = True
13.5034 	EXP 	Screen (0) actual frame rate measured at 59.87Hz
13.5034 	EXP 	window1: recordFrameIntervals = False
13.5034 	EXP 	window1: mouseVisible = False
17.9240 	EXP 	emotionalMovieTask: status = STARTED
17.9243 	EXP 	window1: mouseVisible = True
17.9863 	EXP 	Created text = TextStim(__class__=<class 'psychopy.visual.text.TextStim'>, alignHoriz=method-wrapper(...), alignText='center', alignVert=method-wrapper(...), anchorHoriz='center', anchorVert='center', antialias=True, autoDraw=False, autoLog=True, bold=False, color=array([1., 1., 1.]), colorSpace='rgb', contrast=1.0, depth=0.0, draggable=False, flipHoriz=False, flipVert=False, font='Open Sans', fontFiles=[], height=0.05, italic=False, languageStyle='LTR', name='text', opacity=1.0, ori=0.0, pos=array([0., 0.]), rgb=UNKNOWN, text='These are instructions', units='height', win=Window(...), wrapWidth=1)
17.9915 	EXP 	window1: mouseVisible = True
0.0062 	EXP 	movie: autoLog = True
0.0112 	EXP 	text: autoDraw = True
2.5787 	EXP 	Imported configFile1.csv as conditions, 4 conditions, 6 params
2.5790 	EXP 	Created sequence: random, trialTypes=4, nReps=1, seed=None
2.5792 	EXP 	New trial (rep=0, index=0): OrderedDict([('fileName', '831-Close Up Bow Playing Violin-ED.mp4'), ('vidLen', 15.073), ('valence', 5.5), ('arousal', 3.037), ('impact', 3.1538), ('group', 'neut')])
3.2420 	EXP 	text: autoDraw = False
3.2420 	EXP 	movie: autoDraw = True
18.3589 	EXP 	New trial (rep=0, index=1): OrderedDict([('fileName', '685.22-Romantic_Happy_Couple_Showing_Love-ED.mp4'), ('vidLen', 9.967), ('valence', 5.913), ('arousal', 2.7143), ('impact', 2.05), ('group', 'neut')])
19.0536 	EXP 	movie: autoDraw = False
19.0536 	EXP 	movie: autoDraw = True
29.1064 	EXP 	New trial (rep=0, index=2): OrderedDict([('fileName', '641.1-Free Couple Holding Hands-ED.mp4'), ('vidLen', 12.539), ('valence', 6.4286), ('arousal', 3.2), ('impact', 3.2821), ('group', 'neut')])
29.9752 	EXP 	movie: autoDraw = False
29.9752 	EXP 	movie: autoDraw = True
42.5688 	EXP 	New trial (rep=0, index=3): OrderedDict([('fileName', '646-Woman Crocheting-ED.mp4'), ('vidLen', 7.811), ('valence', 5.3077), ('arousal', 3.4643), ('impact', 3.0263), ('group', 'neut')])
43.2933 	EXP 	movie: autoDraw = False
43.2933 	EXP 	movie: autoDraw = True
51.1909 	EXP 	movie: autoDraw = False
51.1909 	EXP 	emotionalMovieTask: status = STOPPED
51.2874 	EXP 	window1: mouseVisible = True
