9.1509 	WARNING 	User requested fullscreen with size [1024  768], but screen is actually [2560, 1440]. Using actual size
10.8725 	EXP 	Created window1 = Window(allowGUI=True, allowStencil=False, autoLog=True, backendConf=UNKNOWN, backgroundFit=<method-wrapper '__getattribute__' of attributeSetter object at 0x000001CF32848C10>, backgroundImage=<method-wrapper '__getattribute__' of attributeSetter object at 0x000001CF32848BB0>, bitsMode=UNKNOWN, blendMode='avg', bpc=(8, 8, 8), color=array([0, 0, 0]), colorSpace='rgb', depthBits=8, fullscr=<method-wrapper '__getattribute__' of attributeSetter object at 0x000001CF32848A00>, gamma=None, gammaErrorPolicy='raise', lms=UNKNOWN, monitor=<psychopy.monitors.calibTools.Monitor object at 0x000001CF32B5C490>, multiSample=False, name='window1', numSamples=2, pos=(0, 0), screen=0, size=array([2560, 1440]), stencilBits=0, stereo=False, title='PsychoPy', units='height', useFBO=True, useRetina=False, viewOri=0.0, viewPos=None, viewScale=None, waitBlanking=True, winType='pyglet')
10.8726 	EXP 	window1: mouseVisible = True
10.8726 	EXP 	window1: backgroundImage = ''
10.8726 	EXP 	window1: backgroundFit = 'none'
10.8741 	EXP 	window1: Attempting to measure frame rate of screen (0) ...
10.8741 	EXP 	window1: recordFrameIntervals = False
11.0389 	EXP 	window1: recordFrameIntervals = True
11.2220 	EXP 	Screen (0) actual frame rate measured at 60.08Hz
11.2221 	EXP 	window1: recordFrameIntervals = False
11.2223 	EXP 	window1: mouseVisible = False
15.5421 	EXP 	emotionalMovieTask: status = STARTED
15.5426 	EXP 	window1: mouseVisible = True
15.6047 	EXP 	Created text = TextStim(__class__=<class 'psychopy.visual.text.TextStim'>, alignHoriz=method-wrapper(...), alignText='center', alignVert=method-wrapper(...), anchorHoriz='center', anchorVert='center', antialias=True, autoDraw=False, autoLog=True, bold=False, color=array([1., 1., 1.]), colorSpace='rgb', contrast=1.0, depth=0.0, draggable=False, flipHoriz=False, flipVert=False, font='Open Sans', fontFiles=[], height=0.05, italic=False, languageStyle='LTR', name='text', opacity=1.0, ori=0.0, pos=array([0., 0.]), rgb=UNKNOWN, text='These are instructions', units='height', win=Window(...), wrapWidth=1)
15.6101 	EXP 	window1: mouseVisible = True
15.6579 	EXP 	window1: mouseVisible = True
15.6598 	EXP 	Created polygon = ShapeStim(__class__=<class 'psychopy.visual.shape.ShapeStim'>, anchor=('center', 'center'), autoDraw=False, autoLog=True, closeShape=True, color=method-wrapper(...), colorSpace='rgb', contrast=None, depth=-4.0, draggable=False, fillColor=array([1, 1, 1]), fillColorSpace='rgb', fillRGB=array([1, 1, 1]), interpolate=True, lineColor=array([0., 0., 0.]), lineColorSpace='rgb', lineRGB=array([0, 0, 0]), lineWidth=1.0, name='polygon', opacity=0.5, ori=0.0, pos=array([-1., -1.]), size=array([0.5, 0.5]), units='height', vertices=ndarray(...), win=Window(...), windingRule=None)
0.0057 	EXP 	movie: autoLog = True
0.0104 	EXP 	text: autoDraw = True
0.8620 	EXP 	Imported configFile1.csv as conditions, 4 conditions, 6 params
0.8623 	EXP 	Created sequence: random, trialTypes=4, nReps=1, seed=None
0.8625 	EXP 	New trial (rep=0, index=0): OrderedDict([('fileName', '641.1-Free Couple Holding Hands-ED.mp4'), ('vidLen', 12.539), ('valence', 6.4286), ('arousal', 3.2), ('impact', 3.2821), ('group', 'neut')])
1.1129 	EXP 	window1: mouseVisible = True
