12.4313 	WARNING 	User requested fullscreen with size [1024  768], but screen is actually [2560, 1440]. Using actual size
14.2030 	EXP 	Created window1 = Window(allowGUI=True, allowStencil=False, autoLog=True, backendConf=UNKNOWN, backgroundFit=<method-wrapper '__getattribute__' of attributeSetter object at 0x0000022D834D1D90>, backgroundImage=<method-wrapper '__getattribute__' of attributeSetter object at 0x0000022D834D1D30>, bitsMode=UNKNOWN, blendMode='avg', bpc=(8, 8, 8), color=array([0, 0, 0]), colorSpace='rgb', depthBits=8, fullscr=<method-wrapper '__getattribute__' of attributeSetter object at 0x0000022D834D1B50>, gamma=None, gammaErrorPolicy='raise', lms=UNKNOWN, monitor=<psychopy.monitors.calibTools.Monitor object at 0x0000022D83924D00>, multiSample=False, name='window1', numSamples=2, pos=(0, 0), screen=0, size=array([2560, 1440]), stencilBits=0, stereo=False, title='PsychoPy', units='height', useFBO=True, useRetina=False, viewOri=0.0, viewPos=None, viewScale=None, waitBlanking=True, winType='pyglet')
14.2031 	EXP 	window1: mouseVisible = True
14.2031 	EXP 	window1: backgroundImage = ''
14.2031 	EXP 	window1: backgroundFit = 'none'
14.2047 	EXP 	window1: Attempting to measure frame rate of screen (0) ...
14.2048 	EXP 	window1: recordFrameIntervals = False
14.3695 	EXP 	window1: recordFrameIntervals = True
14.5533 	EXP 	Screen (0) actual frame rate measured at 59.93Hz
14.5533 	EXP 	window1: recordFrameIntervals = False
14.5534 	EXP 	window1: mouseVisible = False
18.9899 	EXP 	emotionalMovieTask: status = STARTED
18.9904 	EXP 	window1: mouseVisible = True
19.0507 	EXP 	Created text = TextStim(__class__=<class 'psychopy.visual.text.TextStim'>, alignHoriz=method-wrapper(...), alignText='center', alignVert=method-wrapper(...), anchorHoriz='center', anchorVert='center', antialias=True, autoDraw=False, autoLog=True, bold=False, color=array([1., 1., 1.]), colorSpace='rgb', contrast=1.0, depth=0.0, draggable=False, flipHoriz=False, flipVert=False, font='Open Sans', fontFiles=[], height=0.05, italic=False, languageStyle='LTR', name='text', opacity=1.0, ori=0.0, pos=array([0., 0.]), rgb=UNKNOWN, text='These are instructions', units='height', win=Window(...), wrapWidth=1)
19.0558 	EXP 	window1: mouseVisible = True
19.1034 	EXP 	window1: mouseVisible = True
19.1046 	EXP 	Created constantBlack = Rect(__class__=<class 'psychopy.visual.rect.Rect'>, anchor=('center', 'center'), autoDraw=False, autoLog=True, closeShape=True, color=method-wrapper(...), colorSpace='rgb', contrast=None, depth=-4.0, draggable=False, fillColor=array([-1, -1, -1]), fillColorSpace='rgb', fillRGB=array([-1, -1, -1]), interpolate=True, lineColor=array([-1., -1., -1.]), lineColorSpace='rgb', lineRGB=array([-1, -1, -1]), lineWidth=1.0, name='constantBlack', opacity=1.0, ori=0.0, pos=array([-0.25,  0.25]), size=array([0.1, 0.1]), units='height', vertices=ndarray(...), win=Window(...))
19.1047 	EXP 	window1: mouseVisible = True
19.1062 	EXP 	Created polygon = Rect(__class__=<class 'psychopy.visual.rect.Rect'>, anchor=('center', 'center'), autoDraw=False, autoLog=True, closeShape=True, color=method-wrapper(...), colorSpace='rgb', contrast=None, depth=-5.0, draggable=False, fillColor=array([1, 1, 1]), fillColorSpace='rgb', fillRGB=array([1, 1, 1]), interpolate=True, lineColor=array([0., 0., 0.]), lineColorSpace='rgb', lineRGB=array([0, 0, 0]), lineWidth=1.0, name='polygon', opacity=0.5, ori=0.0, pos=array([-0.25,  0.25]), size=array([0.5, 0.5]), units='height', vertices=ndarray(...), win=Window(...))
0.0072 	EXP 	movie: autoLog = True
0.0121 	EXP 	text: autoDraw = True
1.2302 	EXP 	Imported configFile1.csv as conditions, 4 conditions, 6 params
1.2305 	EXP 	Created sequence: random, trialTypes=4, nReps=1, seed=None
1.2307 	EXP 	New trial (rep=0, index=0): OrderedDict([('fileName', '646-Woman Crocheting-ED.mp4'), ('vidLen', 7.811), ('valence', 5.3077), ('arousal', 3.4643), ('impact', 3.0263), ('group', 'neut')])
1.4503 	EXP 	text: autoDraw = False
1.4503 	EXP 	polygon: fillColor = <psychopy.colors.Color: white, alpha=1.0>
1.4503 	EXP 	movie: autoDraw = True
1.4503 	EXP 	constantBlack: autoDraw = True
1.4503 	EXP 	polygon: autoDraw = True
1.7042 	EXP 	polygon: autoDraw = False
9.3345 	EXP 	New trial (rep=0, index=1): OrderedDict([('fileName', '685.22-Romantic_Happy_Couple_Showing_Love-ED.mp4'), ('vidLen', 9.967), ('valence', 5.913), ('arousal', 2.7143), ('impact', 2.05), ('group', 'neut')])
9.6409 	EXP 	movie: autoDraw = False
9.6409 	EXP 	constantBlack: autoDraw = False
9.6409 	EXP 	polygon: autoDraw = False
9.6409 	EXP 	polygon: fillColor = <psychopy.colors.Color: white, alpha=1.0>
9.6409 	EXP 	movie: autoDraw = True
9.6409 	EXP 	constantBlack: autoDraw = True
9.6409 	EXP 	polygon: autoDraw = True
9.8938 	EXP 	polygon: autoDraw = False
19.6993 	EXP 	New trial (rep=0, index=2): OrderedDict([('fileName', '831-Close Up Bow Playing Violin-ED.mp4'), ('vidLen', 15.073), ('valence', 5.5), ('arousal', 3.037), ('impact', 3.1538), ('group', 'neut')])
19.9981 	EXP 	movie: autoDraw = False
19.9981 	EXP 	constantBlack: autoDraw = False
19.9981 	EXP 	polygon: autoDraw = False
19.9981 	EXP 	polygon: fillColor = <psychopy.colors.Color: white, alpha=1.0>
19.9981 	EXP 	movie: autoDraw = True
19.9981 	EXP 	constantBlack: autoDraw = True
19.9981 	EXP 	polygon: autoDraw = True
20.2527 	EXP 	polygon: autoDraw = False
22.1544 	EXP 	emotionalMovieTask: status = STOPPED
22.1685 	EXP 	movie: autoDraw = False
22.1685 	EXP 	constantBlack: autoDraw = False
22.1686 	EXP 	emotionalMovieTask: status = STOPPED
22.6072 	EXP 	window1: mouseVisible = True
