9.3165 	WARNING 	User requested fullscreen with size [1024  768], but screen is actually [2560, 1440]. Using actual size
11.0766 	EXP 	Created window1 = Window(allowGUI=True, allowStencil=False, autoLog=True, backendConf=UNKNOWN, backgroundFit=<method-wrapper '__getattribute__' of attributeSetter object at 0x000001FB0D8713A0>, backgroundImage=<method-wrapper '__getattribute__' of attributeSetter object at 0x000001FB0D871340>, bitsMode=UNKNOWN, blendMode='avg', bpc=(8, 8, 8), color=array([0, 0, 0]), colorSpace='rgb', depthBits=8, fullscr=<method-wrapper '__getattribute__' of attributeSetter object at 0x000001FB0D871190>, gamma=None, gammaErrorPolicy='raise', lms=UNKNOWN, monitor=<psychopy.monitors.calibTools.Monitor object at 0x000001FB0DC4C370>, multiSample=False, name='window1', numSamples=2, pos=(0, 0), screen=0, size=array([2560, 1440]), stencilBits=0, stereo=False, title='PsychoPy', units='height', useFBO=True, useRetina=False, viewOri=0.0, viewPos=None, viewScale=None, waitBlanking=True, winType='pyglet')
11.0772 	EXP 	window1: mouseVisible = True
11.0773 	EXP 	window1: backgroundImage = ''
11.0774 	EXP 	window1: backgroundFit = 'none'
11.0792 	EXP 	window1: Attempting to measure frame rate of screen (0) ...
11.0792 	EXP 	window1: recordFrameIntervals = False
11.2419 	EXP 	window1: recordFrameIntervals = True
11.4256 	EXP 	Screen (0) actual frame rate measured at 59.99Hz
11.4256 	EXP 	window1: recordFrameIntervals = False
11.4257 	EXP 	window1: mouseVisible = False
15.8351 	EXP 	emotionalMovieTask: status = STARTED
15.8356 	EXP 	window1: mouseVisible = True
15.8982 	EXP 	Created text = TextStim(__class__=<class 'psychopy.visual.text.TextStim'>, alignHoriz=method-wrapper(...), alignText='center', alignVert=method-wrapper(...), anchorHoriz='center', anchorVert='center', antialias=True, autoDraw=False, autoLog=True, bold=False, color=array([1., 1., 1.]), colorSpace='rgb', contrast=1.0, depth=0.0, draggable=False, flipHoriz=False, flipVert=False, font='Open Sans', fontFiles=[], height=0.05, italic=False, languageStyle='LTR', name='text', opacity=1.0, ori=0.0, pos=array([0., 0.]), rgb=UNKNOWN, text='These are instructions', units='height', win=Window(...), wrapWidth=1)
15.9034 	EXP 	window1: mouseVisible = True
0.0053 	EXP 	movie: autoLog = True
0.0103 	EXP 	text: autoDraw = True
0.7745 	EXP 	Imported configFile1.csv as conditions, 4 conditions, 6 params
0.7748 	EXP 	Created sequence: random, trialTypes=4, nReps=1, seed=None
0.7750 	EXP 	New trial (rep=0, index=0): OrderedDict([('fileName', '641.1-Free_Couple_Holding_Hands-ED.mp4'), ('vidLen', 12.539), ('valence', 6.4286), ('arousal', 3.2), ('impact', 3.2821), ('group', 'neut')])
1.1500 	EXP 	window1: mouseVisible = True
