9.5371 	WARNING 	User requested fullscreen with size [1024  768], but screen is actually [2560, 1440]. Using actual size
11.2603 	EXP 	Created window1 = Window(allowGUI=True, allowStencil=False, autoLog=True, backendConf=UNKNOWN, backgroundFit=<method-wrapper '__getattribute__' of attributeSetter object at 0x0000021C8C70F040>, backgroundImage=<method-wrapper '__getattribute__' of attributeSetter object at 0x0000021C8C6FBFD0>, bitsMode=UNKNOWN, blendMode='avg', bpc=(8, 8, 8), color=array([0, 0, 0]), colorSpace='rgb', depthBits=8, fullscr=<method-wrapper '__getattribute__' of attributeSetter object at 0x0000021C8C6FBE80>, gamma=None, gammaErrorPolicy='raise', lms=UNKNOWN, monitor=<psychopy.monitors.calibTools.Monitor object at 0x0000021C8CAE8DC0>, multiSample=False, name='window1', numSamples=2, pos=(0, 0), screen=0, size=array([2560, 1440]), stencilBits=0, stereo=False, title='PsychoPy', units='height', useFBO=True, useRetina=False, viewOri=0.0, viewPos=None, viewScale=None, waitBlanking=True, winType='pyglet')
11.2604 	EXP 	window1: mouseVisible = True
11.2604 	EXP 	window1: backgroundImage = ''
11.2604 	EXP 	window1: backgroundFit = 'none'
11.2618 	EXP 	window1: Attempting to measure frame rate of screen (0) ...
11.2618 	EXP 	window1: recordFrameIntervals = False
11.4268 	EXP 	window1: recordFrameIntervals = True
11.6107 	EXP 	Screen (0) actual frame rate measured at 59.88Hz
11.6107 	EXP 	window1: recordFrameIntervals = False
11.6110 	EXP 	window1: mouseVisible = False
15.9261 	EXP 	emotionalMovieTask: status = STARTED
15.9266 	EXP 	window1: mouseVisible = True
15.9870 	EXP 	Created text = TextStim(__class__=<class 'psychopy.visual.text.TextStim'>, alignHoriz=method-wrapper(...), alignText='center', alignVert=method-wrapper(...), anchorHoriz='center', anchorVert='center', antialias=True, autoDraw=False, autoLog=True, bold=False, color=array([1., 1., 1.]), colorSpace='rgb', contrast=1.0, depth=0.0, draggable=False, flipHoriz=False, flipVert=False, font='Open Sans', fontFiles=[], height=0.05, italic=False, languageStyle='LTR', name='text', opacity=1.0, ori=0.0, pos=array([0., 0.]), rgb=UNKNOWN, text='These are instructions', units='height', win=Window(...), wrapWidth=1)
15.9919 	EXP 	window1: mouseVisible = True
16.0382 	EXP 	window1: mouseVisible = True
16.0401 	EXP 	Created polygon = ShapeStim(__class__=<class 'psychopy.visual.shape.ShapeStim'>, anchor=('center', 'center'), autoDraw=False, autoLog=True, closeShape=True, color=method-wrapper(...), colorSpace='rgb', contrast=None, depth=-4.0, draggable=False, fillColor=array([1, 1, 1]), fillColorSpace='rgb', fillRGB=array([1, 1, 1]), interpolate=True, lineColor=array([0., 0., 0.]), lineColorSpace='rgb', lineRGB=array([0, 0, 0]), lineWidth=1.0, name='polygon', opacity=0.5, ori=0.0, pos=array([-1., -1.]), size=array([0.5, 0.5]), units='height', vertices=ndarray(...), win=Window(...), windingRule=None)
0.0063 	EXP 	movie: autoLog = True
0.0114 	EXP 	text: autoDraw = True
1.0203 	EXP 	Imported configFile1.csv as conditions, 4 conditions, 6 params
1.0206 	EXP 	Created sequence: random, trialTypes=4, nReps=1, seed=None
1.0207 	EXP 	New trial (rep=0, index=0): OrderedDict([('fileName', '641.1-Free Couple Holding Hands-ED.mp4'), ('vidLen', 12.539), ('valence', 6.4286), ('arousal', 3.2), ('impact', 3.2821), ('group', 'neut')])
1.2507 	EXP 	text: autoDraw = False
1.2507 	EXP 	polygon: fillColor = <psychopy.colors.Color: white, alpha=1.0>
1.2507 	EXP 	movie: autoDraw = True
1.2507 	EXP 	polygon: autoDraw = True
2.2606 	EXP 	polygon: autoDraw = False
13.8342 	EXP 	New trial (rep=0, index=1): OrderedDict([('fileName', '685.22-Romantic_Happy_Couple_Showing_Love-ED.mp4'), ('vidLen', 9.967), ('valence', 5.913), ('arousal', 2.7143), ('impact', 2.05), ('group', 'neut')])
14.1416 	EXP 	movie: autoDraw = False
14.1416 	EXP 	polygon: autoDraw = False
14.1416 	EXP 	polygon: fillColor = <psychopy.colors.Color: black, alpha=1.0>
14.1416 	EXP 	movie: autoDraw = True
14.1416 	EXP 	polygon: autoDraw = True
15.1548 	EXP 	polygon: autoDraw = False
24.1950 	EXP 	New trial (rep=0, index=2): OrderedDict([('fileName', '831-Close Up Bow Playing Violin-ED.mp4'), ('vidLen', 15.073), ('valence', 5.5), ('arousal', 3.037), ('impact', 3.1538), ('group', 'neut')])
24.4984 	EXP 	movie: autoDraw = False
24.4984 	EXP 	polygon: autoDraw = False
24.4984 	EXP 	polygon: fillColor = <psychopy.colors.Color: white, alpha=1.0>
24.4984 	EXP 	movie: autoDraw = True
24.4984 	EXP 	polygon: autoDraw = True
25.5131 	EXP 	polygon: autoDraw = False
39.6232 	EXP 	New trial (rep=0, index=3): OrderedDict([('fileName', '646-Woman Crocheting-ED.mp4'), ('vidLen', 7.811), ('valence', 5.3077), ('arousal', 3.4643), ('impact', 3.0263), ('group', 'neut')])
39.9202 	EXP 	movie: autoDraw = False
39.9202 	EXP 	polygon: autoDraw = False
39.9202 	EXP 	polygon: fillColor = <psychopy.colors.Color: black, alpha=1.0>
39.9202 	EXP 	movie: autoDraw = True
39.9202 	EXP 	polygon: autoDraw = True
40.9259 	EXP 	polygon: autoDraw = False
47.8175 	EXP 	movie: autoDraw = False
47.8175 	EXP 	polygon: autoDraw = False
47.8176 	EXP 	emotionalMovieTask: status = STOPPED
48.2176 	EXP 	window1: mouseVisible = True
